生成启动时间为 2016/1/10 20:33:07。
     1>项目“E:\VSProjects\Projects\GitGasMeter\GasMaterDll\cqgasmeterdll\cqgasmeterdll.vcxproj”在节点 2 上(Rebuild 个目标)。
     1>ClCompile:
         E:\windows\VisualStudio2015\VC\bin\CL.exe /c /nologo /W3 /WX- /sdl- /O2 /Oi /Oy- /D WIN32 /D NDEBUG /D _WINDOWS /D _USRDLL /D CQGASMETERDLL_EXPORTS /D _WINDLL /D _UNICODE /D UNICODE /Gm- /EHsc /MT /GS /Gy /fp:precise /Zc:wchar_t /Zc:forScope /Zc:inline /Fo"Release\\" /Fd"Release\vc140.pdb" /Gd /TP /analyze- /errorReport:prompt cqgasmeteradb.cpp cqgasmetercore.cpp cqgasmeterdll.cpp cqgasmetersocket.cpp stdafx.cpp
         cqgasmeteradb.cpp
         cqgasmetercore.cpp
         cqgasmeterdll.cpp
         cqgasmetersocket.cpp
     1>cqgasmetersocket.cpp(53): warning C4996: 'inet_addr': Use inet_pton() or InetPton() instead or define _WINSOCK_DEPRECATED_NO_WARNINGS to disable deprecated API warnings
         C:\Program Files (x86)\Windows Kits\8.1\Include\um\winsock2.h(1850): note: 参见“inet_addr”的声明
         stdafx.cpp
         正在生成代码...
         E:\windows\VisualStudio2015\VC\bin\CL.exe /c /nologo /W3 /WX- /sdl- /O2 /Oi /Oy- /D WIN32 /D NDEBUG /D _WINDOWS /D _USRDLL /D CQGASMETERDLL_EXPORTS /D _WINDLL /D _UNICODE /D UNICODE /Gm- /EHsc /MT /GS /Gy /fp:precise /Zc:wchar_t /Zc:forScope /Zc:inline /Fo"Release\\" /Fd"Release\vc140.pdb" /Gd /TP /analyze- /errorReport:prompt dllmain.cpp
         dllmain.cpp
       Link:
         E:\windows\VisualStudio2015\VC\bin\link.exe /ERRORREPORT:PROMPT /OUT:"E:\VSProjects\Projects\GitGasMeter\GasMaterDll\Release\cqgasmeterdll.dll" /INCREMENTAL /NOLOGO kernel32.lib user32.lib gdi32.lib winspool.lib comdlg32.lib advapi32.lib shell32.lib ole32.lib oleaut32.lib uuid.lib odbc32.lib odbccp32.lib /MANIFEST /MANIFESTUAC:"level='asInvoker' uiAccess='false'" /manifest:embed /Debug /PDB:"E:\VSProjects\Projects\GitGasMeter\GasMaterDll\Release\cqgasmeterdll.pdb" /SUBSYSTEM:WINDOWS /OPT:REF /OPT:ICF /TLBID:1 /DYNAMICBASE /NXCOMPAT /IMPLIB:"E:\VSProjects\Projects\GitGasMeter\GasMaterDll\Release\cqgasmeterdll.lib" /MACHINE:X86 /SAFESEH /DLL Release\cqgasmeteradb.obj
         Release\cqgasmetercore.obj
         Release\cqgasmeterdll.obj
         Release\cqgasmetersocket.obj
         Release\dllmain.obj
         Release\stdafx.obj
     1>LINK : warning LNK4075: 忽略“/INCREMENTAL”(由于“/OPT:ICF”规范)
         cJSON.lib(cJSON.obj) : 找到 MSIL .netmodule 或使用 /GL 编译的模块；正在使用 /LTCG 重新启动链接；将 /LTCG 添加到链接命令行以改进链接器性能
     1>LINK : warning LNK4075: 忽略“/INCREMENTAL”(由于“/LTCG”规范)
           正在创建库 E:\VSProjects\Projects\GitGasMeter\GasMaterDll\Release\cqgasmeterdll.lib 和对象 E:\VSProjects\Projects\GitGasMeter\GasMaterDll\Release\cqgasmeterdll.exp
         正在生成代码
         已完成代码的生成
         cqgasmeterdll.vcxproj -> E:\VSProjects\Projects\GitGasMeter\GasMaterDll\Release\cqgasmeterdll.dll
     1>已完成生成项目“E:\VSProjects\Projects\GitGasMeter\GasMaterDll\cqgasmeterdll\cqgasmeterdll.vcxproj”(Rebuild 个目标)的操作。

已成功生成。

已用时间 00:00:11.08
