生成启动时间为 2016/1/10 20:40:51。
     1>项目“E:\VSProjects\Projects\GitGasMeter\GasMaterDll\cqgasmeterdll\cqgasmeterdll.vcxproj”在节点 2 上(Build 个目标)。
     1>Link:
         E:\windows\VisualStudio2015\VC\bin\link.exe /ERRORREPORT:PROMPT /OUT:"E:\VSProjects\Projects\GitGasMeter\GasMaterDll\Debug\cqgasmeterdll.dll" /INCREMENTAL /NOLOGO kernel32.lib user32.lib gdi32.lib winspool.lib comdlg32.lib advapi32.lib shell32.lib ole32.lib oleaut32.lib uuid.lib odbc32.lib odbccp32.lib /MANIFEST /MANIFESTUAC:"level='asInvoker' uiAccess='false'" /manifest:embed /Debug /PDB:"E:\VSProjects\Projects\GitGasMeter\GasMaterDll\Debug\cqgasmeterdll.pdb" /SUBSYSTEM:WINDOWS /TLBID:1 /DYNAMICBASE /NXCOMPAT /IMPLIB:"E:\VSProjects\Projects\GitGasMeter\GasMaterDll\Debug\cqgasmeterdll.lib" /MACHINE:X86 /DLL Debug\cqgasmeteradb.obj
         Debug\cqgasmetercore.obj
         Debug\cqgasmeterdll.obj
         Debug\cqgasmetersocket.obj
         Debug\dllmain.obj
         Debug\stdafx.obj
         cJSON.lib(cJSON.obj) : 找到 MSIL .netmodule 或使用 /GL 编译的模块；正在使用 /LTCG 重新启动链接；将 /LTCG 添加到链接命令行以改进链接器性能
     1>LINK : warning LNK4075: 忽略“/INCREMENTAL”(由于“/LTCG”规范)
     1>cqgasmeteradb.obj : warning LNK4075: 忽略“/EDITANDCONTINUE”(由于“/OPT:LBR”规范)
           正在创建库 E:\VSProjects\Projects\GitGasMeter\GasMaterDll\Debug\cqgasmeterdll.lib 和对象 E:\VSProjects\Projects\GitGasMeter\GasMaterDll\Debug\cqgasmeterdll.exp
     1>MSVCRTD.lib(initializers.obj) : warning LNK4098: 默认库“libcmt.lib”与其他库的使用冲突；请使用 /NODEFAULTLIB:library
         正在生成代码
         已完成代码的生成
         cqgasmeterdll.vcxproj -> E:\VSProjects\Projects\GitGasMeter\GasMaterDll\Debug\cqgasmeterdll.dll
     1>已完成生成项目“E:\VSProjects\Projects\GitGasMeter\GasMaterDll\cqgasmeterdll\cqgasmeterdll.vcxproj”(Build 个目标)的操作。

已成功生成。

已用时间 00:00:03.29
