d:\projects\visual\cqgasmeterdll\cqgasmeterdll\debug\vc140.pdb
d:\projects\visual\cqgasmeterdll\cqgasmeterdll\debug\vc140.idb
d:\projects\visual\cqgasmeterdll\cqgasmeterdll\debug\cqgasmeteradb.obj
d:\projects\visual\cqgasmeterdll\cqgasmeterdll\debug\cqgasmetercore.obj
d:\projects\visual\cqgasmeterdll\cqgasmeterdll\debug\cqgasmeterdll.obj
d:\projects\visual\cqgasmeterdll\cqgasmeterdll\debug\cqgasmetersocket.obj
d:\projects\visual\cqgasmeterdll\cqgasmeterdll\debug\stdafx.obj
d:\projects\visual\cqgasmeterdll\cqgasmeterdll\debug\dllmain.obj
d:\projects\visual\cqgasmeterdll\debug\cqgasmeterdll.lib
d:\projects\visual\cqgasmeterdll\debug\cqgasmeterdll.exp
d:\projects\visual\cqgasmeterdll\debug\cqgasmeterdll.ilk
d:\projects\visual\cqgasmeterdll\debug\cqgasmeterdll.dll
d:\projects\visual\cqgasmeterdll\debug\cqgasmeterdll.pdb
d:\projects\visual\cqgasmeterdll\cqgasmeterdll\debug\cqgasmeterdll.tlog\cl.command.1.tlog
d:\projects\visual\cqgasmeterdll\cqgasmeterdll\debug\cqgasmeterdll.tlog\cl.read.1.tlog
d:\projects\visual\cqgasmeterdll\cqgasmeterdll\debug\cqgasmeterdll.tlog\cl.write.1.tlog
d:\projects\visual\cqgasmeterdll\cqgasmeterdll\debug\cqgasmeterdll.tlog\cqgasmeterdll.write.1u.tlog
d:\projects\visual\cqgasmeterdll\cqgasmeterdll\debug\cqgasmeterdll.tlog\link.command.1.tlog
d:\projects\visual\cqgasmeterdll\cqgasmeterdll\debug\cqgasmeterdll.tlog\link.read.1.tlog
d:\projects\visual\cqgasmeterdll\cqgasmeterdll\debug\cqgasmeterdll.tlog\link.write.1.tlog
